#
# A fatal error has been detected by the Java Runtime Environment:
#
#  EXCEPTION_PRIV_INSTRUCTION (0xc0000096) at pc=0x0000029f6a148cbd, pid=12408, tid=9796
#
# JRE version:  (10.0.1+10) (build )
# Java VM: Java HotSpot(TM) 64-Bit Server VM (10.0.1+10, mixed mode, tiered, compressed oops, g1 gc, windows-amd64)
# Problematic frame:
# j  java.lang.StringLatin1.equals([B[B)Z+0 java.base
#
# No core dump will be written. Minidumps are not enabled by default on client versions of Windows
#
# If you would like to submit a bug report, please visit:
#   http://bugreport.java.com/bugreport/crash.jsp
#

---------------  S U M M A R Y ------------

Command Line: -Xmx2048M -Dfile.encoding=UTF8 C:\Program Files\Unity\Editor\Data\PlaybackEngines\AndroidPlayer/Tools\sdktools.jar -

Host: AMD FX(tm)-8320 Eight-Core Processor           , 8 cores, 7G,  Windows 10 , 64 bit Build 16299 (10.0.16299.15)
Time: Thu Aug 02 09:48:00 2018 Iran Daylight Time elapsed time: 0 seconds (0d 0h 0m 0s)

---------------  T H R E A D  ---------------

Current thread (0x0000029f5edac000):  JavaThread "main" [_thread_in_Java, id=9796, stack(0x0000009f6a800000,0x0000009f6a900000)]

Stack: [0x0000009f6a800000,0x0000009f6a900000],  sp=0x0000009f6a8fe5e0,  free space=1017k
Native frames: (J=compiled Java code, j=interpreted, Vv=VM code, C=native code)
C  0x0000029f6a148cbd


siginfo: EXCEPTION_PRIV_INSTRUCTION (0xc0000096)


Register to memory mapping:

RIP=0x0000029f6a148cbd is at code_begin+253 in an Interpreter codelet
error exits  [0x0000029f6a148bc0, 0x0000029f6a148cc0]  256 bytes
RAX=0x0000000000000000 is an unknown value
RBX=0x000000000000009a is an unknown value
RCX=0x0000000000000000 is an unknown value
RDX=0x0000000000000000 is an unknown value
RSP=0x0000009f6a8fe5e0 is pointing into the stack for thread: 0x0000029f5edac000
RBP=0x0000009f6a8fe6a8 is pointing into the stack for thread: 0x0000029f5edac000
RSI=0x0000029f6a140cd7 is at begin+0 in a stub
StubRoutines::call_stub [0x0000029f6a140cd7, 0x0000029f6a140e44[ (365 bytes)
RDI=0x0000029f6a149e80 is at code_begin+1664 in an Interpreter codelet
invoke return entry points  [0x0000029f6a149800, 0x0000029f6a14a1e0]  2528 bytes
R8 =0x0000000000000061 is an unknown value
R9 =0x0000000000000061 is an unknown value
R10=0x0000000000000061 is an unknown value
R11=0x0000009f6a8fdda0 is pointing into the stack for thread: 0x0000029f5edac000
R12=0x0000000000000000 is an unknown value
R13=0x0000029f7ec24af2 is pointing into metadata
R14=0x0000009f6a8fe6c8 is pointing into the stack for thread: 0x0000029f5edac000
R15=0x0000029f5edac000 is a thread


Registers:
RAX=0x0000000000000000, RBX=0x000000000000009a, RCX=0x0000000000000000, RDX=0x0000000000000000
RSP=0x0000009f6a8fe5e0, RBP=0x0000009f6a8fe6a8, RSI=0x0000029f6a140cd7, RDI=0x0000029f6a149e80
R8 =0x0000000000000061, R9 =0x0000000000000061, R10=0x0000000000000061, R11=0x0000009f6a8fdda0
R12=0x0000000000000000, R13=0x0000029f7ec24af2, R14=0x0000009f6a8fe6c8, R15=0x0000029f5edac000
RIP=0x0000029f6a148cbd, EFLAGS=0x0000000000010202

Top of Stack: (sp=0x0000009f6a8fe5e0)
0x0000009f6a8fe5e0:   0000000000000000 000000000000009a
0x0000009f6a8fe5f0:   0000009f6a8fe6a8 0000029f6a140cd7
0x0000009f6a8fe600:   0000000000000000 0000009f6a8fe640
0x0000009f6a8fe610:   000000006b95ebc0 0000000087f00980
0x0000009f6a8fe620:   0000000000000004 0000029f6a149e80
0x0000009f6a8fe630:   0000029f6a140cd7 0000009f6a8fe6a8
0x0000009f6a8fe640:   0000009f6a8fe668 000000000000009a
0x0000009f6a8fe650:   0000000000007500 0000029f7ec1d638
0x0000009f6a8fe660:   0000000087f0a328 0000029f7ec1d5d8
0x0000009f6a8fe670:   0000009f6a8fe6c8 0000029f7ec1f998
0x0000009f6a8fe680:   0000000000000000 0000000087f06d30
0x0000009f6a8fe690:   0000029f7ec1d638 0000000000000000
0x0000009f6a8fe6a0:   0000009f6a8fe6c0 0000009f6a8fe718
0x0000009f6a8fe6b0:   0000029f6a1498d0 00000000ffffffff
0x0000009f6a8fe6c0:   0000000087f0a328 0000000087f0aee8
0x0000009f6a8fe6d0:   0000009f6a8fe6d0 0000029f7eb0586d 

Instructions: (pc=0x0000029f6a148cbd)
0x0000029f6a148c9d:   00 00 48 ba 3f 8c 14 6a 9f 02 00 00 4c 8b c4 48
0x0000029f6a148cad:   83 e4 f0 49 ba e0 78 48 6b 00 00 00 00 41 ff d2
0x0000029f6a148cbd:   f4 66 90 20 0b 00 00 00 00 00 00 58 49 7b 6b 00
0x0000029f6a148ccd:   00 00 00 ff ff ff ff 00 00 00 00 00 00 00 00 00 


error exits  [0x0000029f6a148bc0, 0x0000029f6a148cc0]  256 bytes

---------------  P R O C E S S  ---------------

Threads class SMR info:
_java_thread_list=0x0000029f7eacf9e0, length=3, elements={
0x0000029f5edac000, 0x0000029f7ead3800, 0x0000029f7eadc800
}

Java Threads: ( => current thread )
=>0x0000029f5edac000 JavaThread "main" [_thread_in_Java, id=9796, stack(0x0000009f6a800000,0x0000009f6a900000)]
  0x0000029f7ead3800 JavaThread "Reference Handler" daemon [_thread_blocked, id=7520, stack(0x0000009f6be00000,0x0000009f6bf00000)]
  0x0000029f7eadc800 JavaThread "Finalizer" daemon [_thread_blocked, id=16612, stack(0x0000009f6bf00000,0x0000009f6c000000)]

Other Threads:
  0x0000029f7eac8800 VMThread "VM Thread" [stack: 0x0000009f6bd00000,0x0000009f6be00000] [id=10724]
  0x0000029f5edc2000 GCTaskThread "GC Thread#0" [stack: 0x0000009f6a900000,0x0000009f6aa00000] [id=6940]
  0x0000029f5edc4800 GCTaskThread "GC Thread#1" [stack: 0x0000009f6aa00000,0x0000009f6ab00000] [id=1264]
  0x0000029f5edc6000 GCTaskThread "GC Thread#2" [stack: 0x0000009f6ab00000,0x0000009f6ac00000] [id=12004]
  0x0000029f5edc9800 GCTaskThread "GC Thread#3" [stack: 0x0000009f6ac00000,0x0000009f6ad00000] [id=15440]
  0x0000029f5edd4800 GCTaskThread "GC Thread#4" [stack: 0x0000009f6ad00000,0x0000009f6ae00000] [id=17204]
  0x0000029f5eddc000 GCTaskThread "GC Thread#5" [stack: 0x0000009f6ae00000,0x0000009f6af00000] [id=9692]
  0x0000029f5eddd800 GCTaskThread "GC Thread#6" [stack: 0x0000009f6af00000,0x0000009f6b000000] [id=16140]
  0x0000029f5edde800 GCTaskThread "GC Thread#7" [stack: 0x0000009f6b000000,0x0000009f6b100000] [id=12828]
  0x0000029f5ee49800 ConcurrentGCThread "G1 Main Marker" [stack: 0x0000009f6b100000,0x0000009f6b200000] [id=2584]
  0x0000029f5ee4a800 ConcurrentGCThread "G1 Conc#0" [stack: 0x0000009f6b200000,0x0000009f6b300000] [id=4944]
  0x0000029f5ee4b800 ConcurrentGCThread "G1 Conc#1" [stack: 0x0000009f6b300000,0x0000009f6b400000] [id=9856]
  0x0000029f7e945800 ConcurrentGCThread "G1 Refine#0" [stack: 0x0000009f6b400000,0x0000009f6b500000] [id=12628]
  0x0000029f7e948800 ConcurrentGCThread "G1 Refine#1" [stack: 0x0000009f6b500000,0x0000009f6b600000] [id=15400]
  0x0000029f7e949800 ConcurrentGCThread "G1 Refine#2" [stack: 0x0000009f6b600000,0x0000009f6b700000] [id=13796]
  0x0000029f7e952800 ConcurrentGCThread "G1 Refine#3" [stack: 0x0000009f6b700000,0x0000009f6b800000] [id=8368]
  0x0000029f7e957800 ConcurrentGCThread "G1 Refine#4" [stack: 0x0000009f6b800000,0x0000009f6b900000] [id=15116]
  0x0000029f7e959800 ConcurrentGCThread "G1 Refine#5" [stack: 0x0000009f6b900000,0x0000009f6ba00000] [id=12356]
  0x0000029f7e95c000 ConcurrentGCThread "G1 Refine#6" [stack: 0x0000009f6ba00000,0x0000009f6bb00000] [id=9240]
  0x0000029f7e964800 ConcurrentGCThread "G1 Refine#7" [stack: 0x0000009f6bb00000,0x0000009f6bc00000] [id=14124]
  0x0000029f7e965800 ConcurrentGCThread "G1 Young RemSet Sampling" [stack: 0x0000009f6bc00000,0x0000009f6bd00000] [id=6556]

Threads with active compile tasks:

VM state:not at safepoint (normal execution)

VM Mutex/Monitor currently owned by a thread: None

Heap address: 0x0000000080000000, size: 2048 MB, Compressed Oops mode: 32-bit
Narrow klass base: 0x0000000000000000, Narrow klass shift: 3
Compressed class space size: 1073741824 Address: 0x0000000100000000

Heap:
 garbage-first heap   total 131072K, used 0K [0x0000000080000000, 0x0000000100000000)
  region size 1024K, 1 young (1024K), 0 survivors (0K)
 Metaspace       used 1536K, capacity 4480K, committed 4480K, reserved 1056768K
  class space    used 115K, capacity 384K, committed 384K, reserved 1048576K
Heap Regions: E=young(eden), S=young(survivor), O=old, HS=humongous(starts), HC=humongous(continues), CS=collection set, F=free, A=archive, TS=gc time stamp, AC=allocation context, TAMS=top-at-mark-start (previous, next)
|   0|0x0000000080000000, 0x0000000080000000, 0x0000000080100000|  0%| F|  |TS  0|AC  0|TAMS 0x0000000080000000, 0x0000000080000000|
|   1|0x0000000080100000, 0x0000000080100000, 0x0000000080200000|  0%| F|  |TS  0|AC  0|TAMS 0x0000000080100000, 0x0000000080100000|
|   2|0x0000000080200000, 0x0000000080200000, 0x0000000080300000|  0%| F|  |TS  0|AC  0|TAMS 0x0000000080200000, 0x0000000080200000|
|   3|0x0000000080300000, 0x0000000080300000, 0x0000000080400000|  0%| F|  |TS  0|AC  0|TAMS 0x0000000080300000, 0x0000000080300000|
|   4|0x0000000080400000, 0x0000000080400000, 0x0000000080500000|  0%| F|  |TS  0|AC  0|TAMS 0x0000000080400000, 0x0000000080400000|
|   5|0x0000000080500000, 0x0000000080500000, 0x0000000080600000|  0%| F|  |TS  0|AC  0|TAMS 0x0000000080500000, 0x0000000080500000|
|   6|0x0000000080600000, 0x0000000080600000, 0x0000000080700000|  0%| F|  |TS  0|AC  0|TAMS 0x0000000080600000, 0x0000000080600000|
|   7|0x0000000080700000, 0x0000000080700000, 0x0000000080800000|  0%| F|  |TS  0|AC  0|TAMS 0x0000000080700000, 0x0000000080700000|
|   8|0x0000000080800000, 0x0000000080800000, 0x0000000080900000|  0%| F|  |TS  0|AC  0|TAMS 0x0000000080800000, 0x0000000080800000|
|   9|0x0000000080900000, 0x0000000080900000, 0x0000000080a00000|  0%| F|  |TS  0|AC  0|TAMS 0x0000000080900000, 0x0000000080900000|
|  10|0x0000000080a00000, 0x0000000080a00000, 0x0000000080b00000|  0%| F|  |TS  0|AC  0|TAMS 0x0000000080a00000, 0x0000000080a00000|
|  11|0x0000000080b00000, 0x0000000080b00000, 0x0000000080c00000|  0%| F|  |TS  0|AC  0|TAMS 0x0000000080b00000, 0x0000000080b00000|
|  12|0x0000000080c00000, 0x0000000080c00000, 0x0000000080d00000|  0%| F|  |TS  0|AC  0|TAMS 0x0000000080c00000, 0x0000000080c00000|
|  13|0x0000000080d00000, 0x0000000080d00000, 0x0000000080e00000|  0%| F|  |TS  0|AC  0|TAMS 0x0000000080d00000, 0x0000000080d00000|
|  14|0x0000000080e00000, 0x0000000080e00000, 0x0000000080f00000|  0%| F|  |TS  0|AC  0|TAMS 0x0000000080e00000, 0x0000000080e00000|
|  15|0x0000000080f00000, 0x0000000080f00000, 0x0000000081000000|  0%| F|  |TS  0|AC  0|TAMS 0x0000000080f00000, 0x0000000080f00000|
|  16|0x0000000081000000, 0x0000000081000000, 0x0000000081100000|  0%| F|  |TS  0|AC  0|TAMS 0x0000000081000000, 0x0000000081000000|
|  17|0x0000000081100000, 0x0000000081100000, 0x0000000081200000|  0%| F|  |TS  0|AC  0|TAMS 0x0000000081100000, 0x0000000081100000|
|  18|0x0000000081200000, 0x0000000081200000, 0x0000000081300000|  0%| F|  |TS  0|AC  0|TAMS 0x0000000081200000, 0x0000000081200000|
|  19|0x0000000081300000, 0x0000000081300000, 0x0000000081400000|  0%| F|  |TS  0|AC  0|TAMS 0x0000000081300000, 0x0000000081300000|
|  20|0x0000000081400000, 0x0000000081400000, 0x0000000081500000|  0%| F|  |TS  0|AC  0|TAMS 0x0000000081400000, 0x0000000081400000|
|  21|0x0000000081500000, 0x0000000081500000, 0x0000000081600000|  0%| F|  |TS  0|AC  0|TAMS 0x0000000081500000, 0x0000000081500000|
|  22|0x0000000081600000, 0x0000000081600000, 0x0000000081700000|  0%| F|  |TS  0|AC  0|TAMS 0x0000000081600000, 0x0000000081600000|
|  23|0x0000000081700000, 0x0000000081700000, 0x0000000081800000|  0%| F|  |TS  0|AC  0|TAMS 0x0000000081700000, 0x0000000081700000|
|  24|0x0000000081800000, 0x0000000081800000, 0x0000000081900000|  0%| F|  |TS  0|AC  0|TAMS 0x0000000081800000, 0x0000000081800000|
|  25|0x0000000081900000, 0x0000000081900000, 0x0000000081a00000|  0%| F|  |TS  0|AC  0|TAMS 0x0000000081900000, 0x0000000081900000|
|  26|0x0000000081a00000, 0x0000000081a00000, 0x0000000081b00000|  0%| F|  |TS  0|AC  0|TAMS 0x0000000081a00000, 0x0000000081a00000|
|  27|0x0000000081b00000, 0x0000000081b00000, 0x0000000081c00000|  0%| F|  |TS  0|AC  0|TAMS 0x0000000081b00000, 0x0000000081b00000|
|  28|0x0000000081c00000, 0x0000000081c00000, 0x0000000081d00000|  0%| F|  |TS  0|AC  0|TAMS 0x0000000081c00000, 0x0000000081c00000|
|  29|0x0000000081d00000, 0x0000000081d00000, 0x0000000081e00000|  0%| F|  |TS  0|AC  0|TAMS 0x0000000081d00000, 0x0000000081d00000|
|  30|0x0000000081e00000, 0x0000000081e00000, 0x0000000081f00000|  0%| F|  |TS  0|AC  0|TAMS 0x0000000081e00000, 0x0000000081e00000|
|  31|0x0000000081f00000, 0x0000000081f00000, 0x0000000082000000|  0%| F|  |TS  0|AC  0|TAMS 0x0000000081f00000, 0x0000000081f00000|
|  32|0x0000000082000000, 0x0000000082000000, 0x0000000082100000|  0%| F|  |TS  0|AC  0|TAMS 0x0000000082000000, 0x0000000082000000|
|  33|0x0000000082100000, 0x0000000082100000, 0x0000000082200000|  0%| F|  |TS  0|AC  0|TAMS 0x0000000082100000, 0x0000000082100000|
|  34|0x0000000082200000, 0x0000000082200000, 0x0000000082300000|  0%| F|  |TS  0|AC  0|TAMS 0x0000000082200000, 0x0000000082200000|
|  35|0x0000000082300000, 0x0000000082300000, 0x0000000082400000|  0%| F|  |TS  0|AC  0|TAMS 0x0000000082300000, 0x0000000082300000|
|  36|0x0000000082400000, 0x0000000082400000, 0x0000000082500000|  0%| F|  |TS  0|AC  0|TAMS 0x0000000082400000, 0x0000000082400000|
|  37|0x0000000082500000, 0x0000000082500000, 0x0000000082600000|  0%| F|  |TS  0|AC  0|TAMS 0x0000000082500000, 0x0000000082500000|
|  38|0x0000000082600000, 0x0000000082600000, 0x0000000082700000|  0%| F|  |TS  0|AC  0|TAMS 0x0000000082600000, 0x0000000082600000|
|  39|0x0000000082700000, 0x0000000082700000, 0x0000000082800000|  0%| F|  |TS  0|AC  0|TAMS 0x0000000082700000, 0x0000000082700000|
|  40|0x0000000082800000, 0x0000000082800000, 0x0000000082900000|  0%| F|  |TS  0|AC  0|TAMS 0x0000000082800000, 0x0000000082800000|
|  41|0x0000000082900000, 0x0000000082900000, 0x0000000082a00000|  0%| F|  |TS  0|AC  0|TAMS 0x0000000082900000, 0x0000000082900000|
|  42|0x0000000082a00000, 0x0000000082a00000, 0x0000000082b00000|  0%| F|  |TS  0|AC  0|TAMS 0x0000000082a00000, 0x0000000082a00000|
|  43|0x0000000082b00000, 0x0000000082b00000, 0x0000000082c00000|  0%| F|  |TS  0|AC  0|TAMS 0x0000000082b00000, 0x0000000082b00000|
|  44|0x0000000082c00000, 0x0000000082c00000, 0x0000000082d00000|  0%| F|  |TS  0|AC  0|TAMS 0x0000000082c00000, 0x0000000082c00000|
|  45|0x0000000082d00000, 0x0000000082d00000, 0x0000000082e00000|  0%| F|  |TS  0|AC  0|TAMS 0x0000000082d00000, 0x0000000082d00000|
|  46|0x0000000082e00000, 0x0000000082e00000, 0x0000000082f00000|  0%| F|  |TS  0|AC  0|TAMS 0x0000000082e00000, 0x0000000082e00000|
|  47|0x0000000082f00000, 0x0000000082f00000, 0x0000000083000000|  0%| F|  |TS  0|AC  0|TAMS 0x0000000082f00000, 0x0000000082f00000|
|  48|0x0000000083000000, 0x0000000083000000, 0x0000000083100000|  0%| F|  |TS  0|AC  0|TAMS 0x0000000083000000, 0x0000000083000000|
|  49|0x0000000083100000, 0x0000000083100000, 0x0000000083200000|  0%| F|  |TS  0|AC  0|TAMS 0x0000000083100000, 0x0000000083100000|
|  50|0x0000000083200000, 0x0000000083200000, 0x0000000083300000|  0%| F|  |TS  0|AC  0|TAMS 0x0000000083200000, 0x0000000083200000|
|  51|0x0000000083300000, 0x0000000083300000, 0x0000000083400000|  0%| F|  |TS  0|AC  0|TAMS 0x0000000083300000, 0x0000000083300000|
|  52|0x0000000083400000, 0x0000000083400000, 0x0000000083500000|  0%| F|  |TS  0|AC  0|TAMS 0x0000000083400000, 0x0000000083400000|
|  53|0x0000000083500000, 0x0000000083500000, 0x0000000083600000|  0%| F|  |TS  0|AC  0|TAMS 0x0000000083500000, 0x0000000083500000|
|  54|0x0000000083600000, 0x0000000083600000, 0x0000000083700000|  0%| F|  |TS  0|AC  0|TAMS 0x0000000083600000, 0x0000000083600000|
|  55|0x0000000083700000, 0x0000000083700000, 0x0000000083800000|  0%| F|  |TS  0|AC  0|TAMS 0x0000000083700000, 0x0000000083700000|
|  56|0x0000000083800000, 0x0000000083800000, 0x0000000083900000|  0%| F|  |TS  0|AC  0|TAMS 0x0000000083800000, 0x0000000083800000|
|  57|0x0000000083900000, 0x0000000083900000, 0x0000000083a00000|  0%| F|  |TS  0|AC  0|TAMS 0x0000000083900000, 0x0000000083900000|
|  58|0x0000000083a00000, 0x0000000083a00000, 0x0000000083b00000|  0%| F|  |TS  0|AC  0|TAMS 0x0000000083a00000, 0x0000000083a00000|
|  59|0x0000000083b00000, 0x0000000083b00000, 0x0000000083c00000|  0%| F|  |TS  0|AC  0|TAMS 0x0000000083b00000, 0x0000000083b00000|
|  60|0x0000000083c00000, 0x0000000083c00000, 0x0000000083d00000|  0%| F|  |TS  0|AC  0|TAMS 0x0000000083c00000, 0x0000000083c00000|
|  61|0x0000000083d00000, 0x0000000083d00000, 0x0000000083e00000|  0%| F|  |TS  0|AC  0|TAMS 0x0000000083d00000, 0x0000000083d00000|
|  62|0x0000000083e00000, 0x0000000083e00000, 0x0000000083f00000|  0%| F|  |TS  0|AC  0|TAMS 0x0000000083e00000, 0x0000000083e00000|
|  63|0x0000000083f00000, 0x0000000083f00000, 0x0000000084000000|  0%| F|  |TS  0|AC  0|TAMS 0x0000000083f00000, 0x0000000083f00000|
|  64|0x0000000084000000, 0x0000000084000000, 0x0000000084100000|  0%| F|  |TS  0|AC  0|TAMS 0x0000000084000000, 0x0000000084000000|
|  65|0x0000000084100000, 0x0000000084100000, 0x0000000084200000|  0%| F|  |TS  0|AC  0|TAMS 0x0000000084100000, 0x0000000084100000|
|  66|0x0000000084200000, 0x0000000084200000, 0x0000000084300000|  0%| F|  |TS  0|AC  0|TAMS 0x0000000084200000, 0x0000000084200000|
|  67|0x0000000084300000, 0x0000000084300000, 0x0000000084400000|  0%| F|  |TS  0|AC  0|TAMS 0x0000000084300000, 0x0000000084300000|
|  68|0x0000000084400000, 0x0000000084400000, 0x0000000084500000|  0%| F|  |TS  0|AC  0|TAMS 0x0000000084400000, 0x0000000084400000|
|  69|0x0000000084500000, 0x0000000084500000, 0x0000000084600000|  0%| F|  |TS  0|AC  0|TAMS 0x0000000084500000, 0x0000000084500000|
|  70|0x0000000084600000, 0x0000000084600000, 0x0000000084700000|  0%| F|  |TS  0|AC  0|TAMS 0x0000000084600000, 0x0000000084600000|
|  71|0x0000000084700000, 0x0000000084700000, 0x0000000084800000|  0%| F|  |TS  0|AC  0|TAMS 0x0000000084700000, 0x0000000084700000|
|  72|0x0000000084800000, 0x0000000084800000, 0x0000000084900000|  0%| F|  |TS  0|AC  0|TAMS 0x0000000084800000, 0x0000000084800000|
|  73|0x0000000084900000, 0x0000000084900000, 0x0000000084a00000|  0%| F|  |TS  0|AC  0|TAMS 0x0000000084900000, 0x0000000084900000|
|  74|0x0000000084a00000, 0x0000000084a00000, 0x0000000084b00000|  0%| F|  |TS  0|AC  0|TAMS 0x0000000084a00000, 0x0000000084a00000|
|  75|0x0000000084b00000, 0x0000000084b00000, 0x0000000084c00000|  0%| F|  |TS  0|AC  0|TAMS 0x0000000084b00000, 0x0000000084b00000|
|  76|0x0000000084c00000, 0x0000000084c00000, 0x0000000084d00000|  0%| F|  |TS  0|AC  0|TAMS 0x0000000084c00000, 0x0000000084c00000|
|  77|0x0000000084d00000, 0x0000000084d00000, 0x0000000084e00000|  0%| F|  |TS  0|AC  0|TAMS 0x0000000084d00000, 0x0000000084d00000|
|  78|0x0000000084e00000, 0x0000000084e00000, 0x0000000084f00000|  0%| F|  |TS  0|AC  0|TAMS 0x0000000084e00000, 0x0000000084e00000|
|  79|0x0000000084f00000, 0x0000000084f00000, 0x0000000085000000|  0%| F|  |TS  0|AC  0|TAMS 0x0000000084f00000, 0x0000000084f00000|
|  80|0x0000000085000000, 0x0000000085000000, 0x0000000085100000|  0%| F|  |TS  0|AC  0|TAMS 0x0000000085000000, 0x0000000085000000|
|  81|0x0000000085100000, 0x0000000085100000, 0x0000000085200000|  0%| F|  |TS  0|AC  0|TAMS 0x0000000085100000, 0x0000000085100000|
|  82|0x0000000085200000, 0x0000000085200000, 0x0000000085300000|  0%| F|  |TS  0|AC  0|TAMS 0x0000000085200000, 0x0000000085200000|
|  83|0x0000000085300000, 0x0000000085300000, 0x0000000085400000|  0%| F|  |TS  0|AC  0|TAMS 0x0000000085300000, 0x0000000085300000|
|  84|0x0000000085400000, 0x0000000085400000, 0x0000000085500000|  0%| F|  |TS  0|AC  0|TAMS 0x0000000085400000, 0x0000000085400000|
|  85|0x0000000085500000, 0x0000000085500000, 0x0000000085600000|  0%| F|  |TS  0|AC  0|TAMS 0x0000000085500000, 0x0000000085500000|
|  86|0x0000000085600000, 0x0000000085600000, 0x0000000085700000|  0%| F|  |TS  0|AC  0|TAMS 0x0000000085600000, 0x0000000085600000|
|  87|0x0000000085700000, 0x0000000085700000, 0x0000000085800000|  0%| F|  |TS  0|AC  0|TAMS 0x0000000085700000, 0x0000000085700000|
|  88|0x0000000085800000, 0x0000000085800000, 0x0000000085900000|  0%| F|  |TS  0|AC  0|TAMS 0x0000000085800000, 0x0000000085800000|
|  89|0x0000000085900000, 0x0000000085900000, 0x0000000085a00000|  0%| F|  |TS  0|AC  0|TAMS 0x0000000085900000, 0x0000000085900000|
|  90|0x0000000085a00000, 0x0000000085a00000, 0x0000000085b00000|  0%| F|  |TS  0|AC  0|TAMS 0x0000000085a00000, 0x0000000085a00000|
|  91|0x0000000085b00000, 0x0000000085b00000, 0x0000000085c00000|  0%| F|  |TS  0|AC  0|TAMS 0x0000000085b00000, 0x0000000085b00000|
|  92|0x0000000085c00000, 0x0000000085c00000, 0x0000000085d00000|  0%| F|  |TS  0|AC  0|TAMS 0x0000000085c00000, 0x0000000085c00000|
|  93|0x0000000085d00000, 0x0000000085d00000, 0x0000000085e00000|  0%| F|  |TS  0|AC  0|TAMS 0x0000000085d00000, 0x0000000085d00000|
|  94|0x0000000085e00000, 0x0000000085e00000, 0x0000000085f00000|  0%| F|  |TS  0|AC  0|TAMS 0x0000000085e00000, 0x0000000085e00000|
|  95|0x0000000085f00000, 0x0000000085f00000, 0x0000000086000000|  0%| F|  |TS  0|AC  0|TAMS 0x0000000085f00000, 0x0000000085f00000|
|  96|0x0000000086000000, 0x0000000086000000, 0x0000000086100000|  0%| F|  |TS  0|AC  0|TAMS 0x0000000086000000, 0x0000000086000000|
|  97|0x0000000086100000, 0x0000000086100000, 0x0000000086200000|  0%| F|  |TS  0|AC  0|TAMS 0x0000000086100000, 0x0000000086100000|
|  98|0x0000000086200000, 0x0000000086200000, 0x0000000086300000|  0%| F|  |TS  0|AC  0|TAMS 0x0000000086200000, 0x0000000086200000|
|  99|0x0000000086300000, 0x0000000086300000, 0x0000000086400000|  0%| F|  |TS  0|AC  0|TAMS 0x0000000086300000, 0x0000000086300000|
| 100|0x0000000086400000, 0x0000000086400000, 0x0000000086500000|  0%| F|  |TS  0|AC  0|TAMS 0x0000000086400000, 0x0000000086400000|
| 101|0x0000000086500000, 0x0000000086500000, 0x0000000086600000|  0%| F|  |TS  0|AC  0|TAMS 0x0000000086500000, 0x0000000086500000|
| 102|0x0000000086600000, 0x0000000086600000, 0x0000000086700000|  0%| F|  |TS  0|AC  0|TAMS 0x0000000086600000, 0x0000000086600000|
| 103|0x0000000086700000, 0x0000000086700000, 0x0000000086800000|  0%| F|  |TS  0|AC  0|TAMS 0x0000000086700000, 0x0000000086700000|
| 104|0x0000000086800000, 0x0000000086800000, 0x0000000086900000|  0%| F|  |TS  0|AC  0|TAMS 0x0000000086800000, 0x0000000086800000|
| 105|0x0000000086900000, 0x0000000086900000, 0x0000000086a00000|  0%| F|  |TS  0|AC  0|TAMS 0x0000000086900000, 0x0000000086900000|
| 106|0x0000000086a00000, 0x0000000086a00000, 0x0000000086b00000|  0%| F|  |TS  0|AC  0|TAMS 0x0000000086a00000, 0x0000000086a00000|
| 107|0x0000000086b00000, 0x0000000086b00000, 0x0000000086c00000|  0%| F|  |TS  0|AC  0|TAMS 0x0000000086b00000, 0x0000000086b00000|
| 108|0x0000000086c00000, 0x0000000086c00000, 0x0000000086d00000|  0%| F|  |TS  0|AC  0|TAMS 0x0000000086c00000, 0x0000000086c00000|
| 109|0x0000000086d00000, 0x0000000086d00000, 0x0000000086e00000|  0%| F|  |TS  0|AC  0|TAMS 0x0000000086d00000, 0x0000000086d00000|
| 110|0x0000000086e00000, 0x0000000086e00000, 0x0000000086f00000|  0%| F|  |TS  0|AC  0|TAMS 0x0000000086e00000, 0x0000000086e00000|
| 111|0x0000000086f00000, 0x0000000086f00000, 0x0000000087000000|  0%| F|  |TS  0|AC  0|TAMS 0x0000000086f00000, 0x0000000086f00000|
| 112|0x0000000087000000, 0x0000000087000000, 0x0000000087100000|  0%| F|  |TS  0|AC  0|TAMS 0x0000000087000000, 0x0000000087000000|
| 113|0x0000000087100000, 0x0000000087100000, 0x0000000087200000|  0%| F|  |TS  0|AC  0|TAMS 0x0000000087100000, 0x0000000087100000|
| 114|0x0000000087200000, 0x0000000087200000, 0x0000000087300000|  0%| F|  |TS  0|AC  0|TAMS 0x0000000087200000, 0x0000000087200000|
| 115|0x0000000087300000, 0x0000000087300000, 0x0000000087400000|  0%| F|  |TS  0|AC  0|TAMS 0x0000000087300000, 0x0000000087300000|
| 116|0x0000000087400000, 0x0000000087400000, 0x0000000087500000|  0%| F|  |TS  0|AC  0|TAMS 0x0000000087400000, 0x0000000087400000|
| 117|0x0000000087500000, 0x0000000087500000, 0x0000000087600000|  0%| F|  |TS  0|AC  0|TAMS 0x0000000087500000, 0x0000000087500000|
| 118|0x0000000087600000, 0x0000000087600000, 0x0000000087700000|  0%| F|  |TS  0|AC  0|TAMS 0x0000000087600000, 0x0000000087600000|
| 119|0x0000000087700000, 0x0000000087700000, 0x0000000087800000|  0%| F|  |TS  0|AC  0|TAMS 0x0000000087700000, 0x0000000087700000|
| 120|0x0000000087800000, 0x0000000087800000, 0x0000000087900000|  0%| F|  |TS  0|AC  0|TAMS 0x0000000087800000, 0x0000000087800000|
| 121|0x0000000087900000, 0x0000000087900000, 0x0000000087a00000|  0%| F|  |TS  0|AC  0|TAMS 0x0000000087900000, 0x0000000087900000|
| 122|0x0000000087a00000, 0x0000000087a00000, 0x0000000087b00000|  0%| F|  |TS  0|AC  0|TAMS 0x0000000087a00000, 0x0000000087a00000|
| 123|0x0000000087b00000, 0x0000000087b00000, 0x0000000087c00000|  0%| F|  |TS  0|AC  0|TAMS 0x0000000087b00000, 0x0000000087b00000|
| 124|0x0000000087c00000, 0x0000000087c00000, 0x0000000087d00000|  0%| F|  |TS  0|AC  0|TAMS 0x0000000087c00000, 0x0000000087c00000|
| 125|0x0000000087d00000, 0x0000000087d00000, 0x0000000087e00000|  0%| F|  |TS  0|AC  0|TAMS 0x0000000087d00000, 0x0000000087d00000|
| 126|0x0000000087e00000, 0x0000000087e00000, 0x0000000087f00000|  0%| F|  |TS  0|AC  0|TAMS 0x0000000087e00000, 0x0000000087e00000|
| 127|0x0000000087f00000, 0x0000000087ff5ce8, 0x0000000088000000| 96%| E|  |TS  0|AC  0|TAMS 0x0000000087f00000, 0x0000000087f00000|

Card table byte_map: [0x0000029f79870000,0x0000029f79c70000] byte_map_base: 0x0000029f79470000

Marking Bits (Prev, Next): (CMBitMap*) 0x0000029f5ee48da0, (CMBitMap*) 0x0000029f5ee48dd8
 Prev Bits: [0x0000029f7a070000, 0x0000029f7c070000)
 Next Bits: [0x0000029f7c070000, 0x0000029f7e070000)

Polling page: 0x0000029f5aa20000

CodeHeap 'non-profiled nmethods': size=120000Kb used=0Kb max_used=0Kb free=120000Kb
 bounds [0x0000029f71c10000, 0x0000029f71e80000, 0x0000029f79140000]
CodeHeap 'profiled nmethods': size=120000Kb used=0Kb max_used=0Kb free=120000Kb
 bounds [0x0000029f6a6e0000, 0x0000029f6a950000, 0x0000029f71c10000]
CodeHeap 'non-nmethods': size=5760Kb used=351Kb max_used=351Kb free=5408Kb
 bounds [0x0000029f6a140000, 0x0000029f6a3b0000, 0x0000029f6a6e0000]
 total_blobs=135 nmethods=0 adapters=93
 compilation: enabled

Compilation events (0 events):
No events

GC Heap History (0 events):
No events

Deoptimization events (0 events):
No events

Classes redefined (0 events):
No events

Internal exceptions (0 events):
No events

Events (10 events):
Event: 0.044 loading class jdk/internal/misc/JavaLangRefAccess
Event: 0.044 loading class jdk/internal/misc/JavaLangRefAccess done
Event: 0.044 loading class java/lang/ref/Reference$1 done
Event: 0.044 loading class jdk/internal/misc/SharedSecrets
Event: 0.044 loading class jdk/internal/misc/SharedSecrets done
Event: 0.044 loading class java/lang/ref/Finalizer$FinalizerThread
Event: 0.044 loading class java/lang/ref/Finalizer$FinalizerThread done
Event: 0.044 Thread 0x0000029f7eadc800 Thread added: 0x0000029f7eadc800
Event: 0.044 loading class jdk/internal/misc/VM
Event: 0.045 loading class jdk/internal/misc/VM done


Dynamic libraries:
0x00007ff6b99c0000 - 0x00007ff6b99fe000 	C:\Program Files\Java\jdk-10.0.1\bin\java.exe
0x00007ffba2720000 - 0x00007ffba2900000 	C:\WINDOWS\SYSTEM32\ntdll.dll
0x00007ffba2310000 - 0x00007ffba23be000 	C:\WINDOWS\System32\KERNEL32.DLL
0x00007ffb9ec20000 - 0x00007ffb9ee86000 	C:\WINDOWS\System32\KERNELBASE.dll
0x00007ffba0090000 - 0x00007ffba0131000 	C:\WINDOWS\System32\ADVAPI32.dll
0x00007ffb9fe80000 - 0x00007ffb9ff1d000 	C:\WINDOWS\System32\msvcrt.dll
0x00007ffba0960000 - 0x00007ffba09bb000 	C:\WINDOWS\System32\sechost.dll
0x00007ffba0140000 - 0x00007ffba025f000 	C:\WINDOWS\System32\RPCRT4.dll
0x00007ffba2560000 - 0x00007ffba26ef000 	C:\WINDOWS\System32\USER32.dll
0x00007ffb9fb70000 - 0x00007ffb9fb90000 	C:\WINDOWS\System32\win32u.dll
0x00007ffb9fdf0000 - 0x00007ffb9fe18000 	C:\WINDOWS\System32\GDI32.dll
0x00007ffb9f660000 - 0x00007ffb9f7f3000 	C:\WINDOWS\System32\gdi32full.dll
0x00007ffb9f800000 - 0x00007ffb9f89b000 	C:\WINDOWS\System32\msvcp_win.dll
0x00007ffb9f8a0000 - 0x00007ffb9f996000 	C:\WINDOWS\System32\ucrtbase.dll
0x00007ffb95600000 - 0x00007ffb95869000 	C:\WINDOWS\WinSxS\amd64_microsoft.windows.common-controls_6595b64144ccf1df_6.0.16299.309_none_15cfd4c4935e6b11\COMCTL32.dll
0x00007ffb98e30000 - 0x00007ffb98e3a000 	C:\WINDOWS\SYSTEM32\VERSION.dll
0x00007ffba09f0000 - 0x00007ffba0cf8000 	C:\WINDOWS\System32\combase.dll
0x00007ffb9ee90000 - 0x00007ffb9ef02000 	C:\WINDOWS\System32\bcryptPrimitives.dll
0x00007ffba09c0000 - 0x00007ffba09ed000 	C:\WINDOWS\System32\IMM32.DLL
0x00007ffb80f40000 - 0x00007ffb8102f000 	C:\Program Files\Java\jdk-10.0.1\bin\msvcr120.dll
0x00007ffb779e0000 - 0x00007ffb77a86000 	C:\Program Files\Java\jdk-10.0.1\bin\msvcp120.dll
0x000000006afa0000 - 0x000000006ba10000 	C:\Program Files\Java\jdk-10.0.1\bin\server\jvm.dll
0x00007ffb9fbf0000 - 0x00007ffb9fbf8000 	C:\WINDOWS\System32\PSAPI.DLL
0x00007ffb903c0000 - 0x00007ffb903c9000 	C:\WINDOWS\SYSTEM32\WSOCK32.dll
0x00007ffb99fd0000 - 0x00007ffb99ff3000 	C:\WINDOWS\SYSTEM32\WINMM.dll
0x00007ffba2240000 - 0x00007ffba22ac000 	C:\WINDOWS\System32\WS2_32.dll
0x00007ffb99f60000 - 0x00007ffb99f8a000 	C:\WINDOWS\SYSTEM32\WINMMBASE.dll
0x00007ffb9eb20000 - 0x00007ffb9eb6a000 	C:\WINDOWS\System32\cfgmgr32.dll
0x00007ffb99310000 - 0x00007ffb9931f000 	C:\Program Files\Java\jdk-10.0.1\bin\verify.dll
0x00007ffb8dc10000 - 0x00007ffb8ddd8000 	C:\WINDOWS\SYSTEM32\DBGHELP.DLL
0x00007ffb8dbd0000 - 0x00007ffb8dbf9000 	C:\WINDOWS\SYSTEM32\dbgcore.DLL
0x00007ffb992e0000 - 0x00007ffb99307000 	C:\Program Files\Java\jdk-10.0.1\bin\java.dll
0x00007ffb97ca0000 - 0x00007ffb97cb6000 	C:\Program Files\Java\jdk-10.0.1\bin\zip.dll
0x00007ffb98be0000 - 0x00007ffb98bea000 	C:\Program Files\Java\jdk-10.0.1\bin\jimage.dll
0x00007ffba0e00000 - 0x00007ffba2236000 	C:\WINDOWS\System32\SHELL32.dll
0x00007ffba0330000 - 0x00007ffba03d6000 	C:\WINDOWS\System32\shcore.dll
0x00007ffb9ef10000 - 0x00007ffb9f657000 	C:\WINDOWS\System32\windows.storage.dll
0x00007ffba22b0000 - 0x00007ffba2301000 	C:\WINDOWS\System32\shlwapi.dll
0x00007ffb9eac0000 - 0x00007ffb9ead1000 	C:\WINDOWS\System32\kernel.appcore.dll
0x00007ffb9ea70000 - 0x00007ffb9eabc000 	C:\WINDOWS\System32\powrprof.dll
0x00007ffb9eb00000 - 0x00007ffb9eb1b000 	C:\WINDOWS\System32\profapi.dll

dbghelp: loaded successfully - version: 4.0.5 - missing functions: none
symbol engine: initialized successfully - sym options: 0x614 - pdb path: .;C:\Program Files\Java\jdk-10.0.1\bin;C:\WINDOWS\SYSTEM32;C:\WINDOWS\WinSxS\amd64_microsoft.windows.common-controls_6595b64144ccf1df_6.0.16299.309_none_15cfd4c4935e6b11;C:\Program Files\Java\jdk-10.0.1\bin\server

VM Arguments:
jvm_args: -Xmx2048M -Dfile.encoding=UTF8 
java_command: C:\Program Files\Unity\Editor\Data\PlaybackEngines\AndroidPlayer/Tools\sdktools.jar -
java_class_path (initial): C:\Program Files\Unity\Editor\Data\PlaybackEngines\AndroidPlayer/Tools\sdktools.jar
Launcher Type: SUN_STANDARD

Logging:
Log output configuration:
#0: stdout all=warning uptime,level,tags
#1: stderr all=off uptime,level,tags

Environment Variables:
PATH=C:\Program Files (x86)\Common Files\Oracle\Java\javapath;C:\Windows\system32;C:\Windows;C:\Windows\System32\Wbem;C:\Windows\System32\WindowsPowerShell\v1.0\;C:\Program Files (x86)\Skype\Phone\;C:\Program Files (x86)\NVIDIA Corporation\PhysX\Common;C:\WINDOWS\system32;C:\WINDOWS;C:\WINDOWS\System32\Wbem;C:\WINDOWS\System32\WindowsPowerShell\v1.0\;C:\Users\Mohammad\AppData\Local\Microsoft\WindowsApps;C:\Users\Mohammad\AppData\Local\GitHubDesktop\bin
USERNAME=Mohammad
OS=Windows_NT
PROCESSOR_IDENTIFIER=AMD64 Family 21 Model 2 Stepping 0, AuthenticAMD



---------------  S Y S T E M  ---------------

OS: Windows 10 , 64 bit Build 16299 (10.0.16299.15)

CPU:total 8 (initial active 8) (8 cores per cpu, 1 threads per core) family 21 model 2 stepping 0, cmov, cx8, fxsr, mmx, sse, sse2, sse3, ssse3, sse4.1, sse4.2, popcnt, avx, aes, clmul, mmxext, 3dnowpref, lzcnt, sse4a, tsc, tscinvbit, tscinv, bmi1, fma

Memory: 4k page, physical 8285436k(4526328k free), swap 9596156k(3866828k free)

vm_info: Java HotSpot(TM) 64-Bit Server VM (10.0.1+10) for windows-amd64 JRE (10.0.1+10), built on Mar 27 2018 02:27:48 by "mach5one" with MS VC++ 12.0 (VS2013)

END.
