#
# A fatal error has been detected by the Java Runtime Environment:
#
#  EXCEPTION_ACCESS_VIOLATION (0xc0000005) at pc=0x000001fbdb16012f, pid=7600, tid=9544
#
# JRE version: Java(TM) SE Runtime Environment (10.0.1+10) (build 10.0.1+10)
# Java VM: Java HotSpot(TM) 64-Bit Server VM (10.0.1+10, mixed mode, tiered, compressed oops, g1 gc, windows-amd64)
# Problematic frame:
# J 51 c1 java.util.concurrent.ConcurrentHashMap.addCount(JI)V java.base@10.0.1 (289 bytes) @ 0x000001fbdb16012f [0x000001fbdb1600e0+0x000000000000004f]
#
# No core dump will be written. Minidumps are not enabled by default on client versions of Windows
#
# If you would like to submit a bug report, please visit:
#   http://bugreport.java.com/bugreport/crash.jsp
#

---------------  S U M M A R Y ------------

Command Line: -Xmx2048M -Dfile.encoding=UTF8 C:\Program Files\Unity\Editor\Data\PlaybackEngines\AndroidPlayer/Tools\sdktools.jar -

Host: AMD FX(tm)-8320 Eight-Core Processor           , 8 cores, 7G,  Windows 10 , 64 bit Build 16299 (10.0.16299.15)
Time: Wed Aug 01 07:13:53 2018 Iran Daylight Time elapsed time: 0 seconds (0d 0h 0m 0s)

---------------  T H R E A D  ---------------

Current thread (0x000001fbcf81b800):  JavaThread "main" [_thread_in_Java, id=9544, stack(0x00000054c6600000,0x00000054c6700000)]

Stack: [0x00000054c6600000,0x00000054c6700000],  sp=0x00000054c66fea40,  free space=1018k
Native frames: (J=compiled Java code, j=interpreted, Vv=VM code, C=native code)
C  0x000001fbdb16012f


siginfo: EXCEPTION_ACCESS_VIOLATION (0xc0000005), writing address 0x000001fbd181ee04


Register to memory mapping:

RIP=0x000001fbdb16012f is at entry_point+79 in (nmethod*)0x000001fbdb15fe90
RAX=0x000001fbd181ed08 is an unknown value
RBX=0x0000000030031161 is an unknown value
RCX=0x0000000087f6d830 is an oop
java.util.concurrent.ConcurrentHashMap 
{0x0000000087f6d830} - klass: 'java/util/concurrent/ConcurrentHashMap'
RDX=0x0000000087f6d830 is an oop
java.util.concurrent.ConcurrentHashMap 
{0x0000000087f6d830} - klass: 'java/util/concurrent/ConcurrentHashMap'
RSP=0x00000054c66fea40 is pointing into the stack for thread: 0x000001fbcf81b800
RBP=0x00000054c66feb80 is pointing into the stack for thread: 0x000001fbcf81b800
RSI=0x0000000000000000 is an unknown value
RDI=0x000001fbf1765da0 is pointing into metadata
R8 =0x0000000000000001 is an unknown value
R9 =0x0000000000000001 is an unknown value
R10=0x000000006b93c2d0 jvm.dll
R11=0x000001fbdb160100 is at entry_point+32 in (nmethod*)0x000001fbdb15fe90
R12=0x0000000000000000 is an unknown value
R13=0x00000054c66feb08 is pointing into the stack for thread: 0x000001fbcf81b800
R14=0x00000054c66fec20 is pointing into the stack for thread: 0x000001fbcf81b800
R15=0x000001fbcf81b800 is a thread


Registers:
RAX=0x000001fbd181ed08, RBX=0x0000000030031161, RCX=0x0000000087f6d830, RDX=0x0000000087f6d830
RSP=0x00000054c66fea40, RBP=0x00000054c66feb80, RSI=0x0000000000000000, RDI=0x000001fbf1765da0
R8 =0x0000000000000001, R9 =0x0000000000000001, R10=0x000000006b93c2d0, R11=0x000001fbdb160100
R12=0x0000000000000000, R13=0x00000054c66feb08, R14=0x00000054c66fec20, R15=0x000001fbcf81b800
RIP=0x000001fbdb16012f, EFLAGS=0x0000000000010212

Top of Stack: (sp=0x00000054c66fea40)
0x00000054c66fea40:   0000000000000600 0000000000000600
0x00000054c66fea50:   0000000000000422 0000000000000000
0x00000054c66fea60:   00000054c66fea60 000001fbf16b4bb7
0x00000054c66fea70:   00000054c66feb20 000001fbf16b8678
0x00000054c66fea80:   00000054c66feae8 000001fbdabba103
0x00000054c66fea90:   000001fbdabba103 0000000087e02a90
0x00000054c66feaa0:   00000054c66feaa0 000001fbf16c16d1
0x00000054c66feab0:   00000001c66feb10 000001fbf16d2e80
0x00000054c66feac0:   000001fbf181e710 0000000087f6d830
0x00000054c66fead0:   000001fbf16c1728 0000000000000000
0x00000054c66feae0:   00000054c66feaf8 00000054c66feb80
0x00000054c66feaf0:   00000054c66feb80 000001fbdabba103
0x00000054c66feb00:   000001fbdabba103 0000000000000001
0x00000054c66feb10:   0000000000000001 0000000000000000
0x00000054c66feb20:   0000000087f6d830 0000000000000001
0x00000054c66feb30:   0000000000000000 00000054c66feb28 

Instructions: (pc=0x000001fbdb16012f)
0x000001fbdb16010f:   48 89 94 24 88 00 00 00 44 89 4c 24 74 48 b8 08
0x000001fbdb16011f:   ed 81 d1 fb 01 00 00 8b 98 fc 00 00 00 83 c3 08
0x000001fbdb16012f:   89 98 fc 00 00 00 81 e3 f8 1f 00 00 83 fb 00 0f
0x000001fbdb16013f:   84 b8 07 00 00 8b 72 30 48 83 fe 00 48 b8 08 ed 




---------------  P R O C E S S  ---------------

Threads class SMR info:
_java_thread_list=0x000001fbf15579e0, length=10, elements={
0x000001fbcf81b800, 0x000001fbf1547000, 0x000001fbf1550800, 0x000001fbf155b800,
0x000001fbf155c800, 0x000001fbf1561800, 0x000001fbf1564800, 0x000001fbf1565000,
0x000001fbf1569000, 0x000001fbf156a000
}

Java Threads: ( => current thread )
=>0x000001fbcf81b800 JavaThread "main" [_thread_in_Java, id=9544, stack(0x00000054c6600000,0x00000054c6700000)]
  0x000001fbf1547000 JavaThread "Reference Handler" daemon [_thread_blocked, id=12900, stack(0x00000054c7c00000,0x00000054c7d00000)]
  0x000001fbf1550800 JavaThread "Finalizer" daemon [_thread_blocked, id=11320, stack(0x00000054c7d00000,0x00000054c7e00000)]
  0x000001fbf155b800 JavaThread "Signal Dispatcher" daemon [_thread_blocked, id=7084, stack(0x00000054c7f00000,0x00000054c8000000)]
  0x000001fbf155c800 JavaThread "Attach Listener" daemon [_thread_blocked, id=3904, stack(0x00000054c8000000,0x00000054c8100000)]
  0x000001fbf1561800 JavaThread "C2 CompilerThread0" daemon [_thread_blocked, id=9480, stack(0x00000054c8100000,0x00000054c8200000)]
  0x000001fbf1564800 JavaThread "C2 CompilerThread1" daemon [_thread_blocked, id=9600, stack(0x00000054c8200000,0x00000054c8300000)]
  0x000001fbf1565000 JavaThread "C2 CompilerThread2" daemon [_thread_blocked, id=10664, stack(0x00000054c8300000,0x00000054c8400000)]
  0x000001fbf1569000 JavaThread "C1 CompilerThread3" daemon [_thread_blocked, id=8680, stack(0x00000054c8400000,0x00000054c8500000)]
  0x000001fbf156a000 JavaThread "Sweeper thread" daemon [_thread_blocked, id=5508, stack(0x00000054c8500000,0x00000054c8600000)]

Other Threads:
  0x000001fbf153e800 VMThread "VM Thread" [stack: 0x00000054c7b00000,0x00000054c7c00000] [id=9344]
  0x000001fbcf832000 GCTaskThread "GC Thread#0" [stack: 0x00000054c6700000,0x00000054c6800000] [id=3716]
  0x000001fbcf835800 GCTaskThread "GC Thread#1" [stack: 0x00000054c6800000,0x00000054c6900000] [id=10264]
  0x000001fbcf837800 GCTaskThread "GC Thread#2" [stack: 0x00000054c6900000,0x00000054c6a00000] [id=9868]
  0x000001fbcf83a000 GCTaskThread "GC Thread#3" [stack: 0x00000054c6a00000,0x00000054c6b00000] [id=11200]
  0x000001fbcf846000 GCTaskThread "GC Thread#4" [stack: 0x00000054c6b00000,0x00000054c6c00000] [id=6228]
  0x000001fbcf84b000 GCTaskThread "GC Thread#5" [stack: 0x00000054c6c00000,0x00000054c6d00000] [id=13044]
  0x000001fbcf84e800 GCTaskThread "GC Thread#6" [stack: 0x00000054c6d00000,0x00000054c6e00000] [id=7024]
  0x000001fbcf84f000 GCTaskThread "GC Thread#7" [stack: 0x00000054c6e00000,0x00000054c6f00000] [id=2936]
  0x000001fbcf8bf800 ConcurrentGCThread "G1 Main Marker" [stack: 0x00000054c6f00000,0x00000054c7000000] [id=12456]
  0x000001fbcf851000 ConcurrentGCThread "G1 Conc#0" [stack: 0x00000054c7000000,0x00000054c7100000] [id=13176]
  0x000001fbcf84a800 ConcurrentGCThread "G1 Conc#1" [stack: 0x00000054c7100000,0x00000054c7200000] [id=12920]
  0x000001fbf13b6800 ConcurrentGCThread "G1 Refine#0" [stack: 0x00000054c7200000,0x00000054c7300000] [id=12400]
  0x000001fbf13b9000 ConcurrentGCThread "G1 Refine#1" [stack: 0x00000054c7300000,0x00000054c7400000] [id=5516]
  0x000001fbf13ba000 ConcurrentGCThread "G1 Refine#2" [stack: 0x00000054c7400000,0x00000054c7500000] [id=1052]
  0x000001fbf13c4000 ConcurrentGCThread "G1 Refine#3" [stack: 0x00000054c7500000,0x00000054c7600000] [id=3996]
  0x000001fbf13c8000 ConcurrentGCThread "G1 Refine#4" [stack: 0x00000054c7600000,0x00000054c7700000] [id=2324]
  0x000001fbf13c9000 ConcurrentGCThread "G1 Refine#5" [stack: 0x00000054c7700000,0x00000054c7800000] [id=12508]
  0x000001fbf13cd000 ConcurrentGCThread "G1 Refine#6" [stack: 0x00000054c7800000,0x00000054c7900000] [id=6724]
  0x000001fbf13d5800 ConcurrentGCThread "G1 Refine#7" [stack: 0x00000054c7900000,0x00000054c7a00000] [id=6112]
  0x000001fbf13de000 ConcurrentGCThread "G1 Young RemSet Sampling" [stack: 0x00000054c7a00000,0x00000054c7b00000] [id=6440]

Threads with active compile tasks:

VM state:not at safepoint (normal execution)

VM Mutex/Monitor currently owned by a thread: None

Heap address: 0x0000000080000000, size: 2048 MB, Compressed Oops mode: 32-bit
Narrow klass base: 0x0000000000000000, Narrow klass shift: 3
Compressed class space size: 1073741824 Address: 0x0000000100000000

Heap:
 garbage-first heap   total 131072K, used 1024K [0x0000000080000000, 0x0000000100000000)
  region size 1024K, 2 young (2048K), 0 survivors (0K)
 Metaspace       used 3005K, capacity 4480K, committed 4480K, reserved 1056768K
  class space    used 246K, capacity 384K, committed 384K, reserved 1048576K
Heap Regions: E=young(eden), S=young(survivor), O=old, HS=humongous(starts), HC=humongous(continues), CS=collection set, F=free, A=archive, TS=gc time stamp, AC=allocation context, TAMS=top-at-mark-start (previous, next)
|   0|0x0000000080000000, 0x0000000080000000, 0x0000000080100000|  0%| F|  |TS  0|AC  0|TAMS 0x0000000080000000, 0x0000000080000000|
|   1|0x0000000080100000, 0x0000000080100000, 0x0000000080200000|  0%| F|  |TS  0|AC  0|TAMS 0x0000000080100000, 0x0000000080100000|
|   2|0x0000000080200000, 0x0000000080200000, 0x0000000080300000|  0%| F|  |TS  0|AC  0|TAMS 0x0000000080200000, 0x0000000080200000|
|   3|0x0000000080300000, 0x0000000080300000, 0x0000000080400000|  0%| F|  |TS  0|AC  0|TAMS 0x0000000080300000, 0x0000000080300000|
|   4|0x0000000080400000, 0x0000000080400000, 0x0000000080500000|  0%| F|  |TS  0|AC  0|TAMS 0x0000000080400000, 0x0000000080400000|
|   5|0x0000000080500000, 0x0000000080500000, 0x0000000080600000|  0%| F|  |TS  0|AC  0|TAMS 0x0000000080500000, 0x0000000080500000|
|   6|0x0000000080600000, 0x0000000080600000, 0x0000000080700000|  0%| F|  |TS  0|AC  0|TAMS 0x0000000080600000, 0x0000000080600000|
|   7|0x0000000080700000, 0x0000000080700000, 0x0000000080800000|  0%| F|  |TS  0|AC  0|TAMS 0x0000000080700000, 0x0000000080700000|
|   8|0x0000000080800000, 0x0000000080800000, 0x0000000080900000|  0%| F|  |TS  0|AC  0|TAMS 0x0000000080800000, 0x0000000080800000|
|   9|0x0000000080900000, 0x0000000080900000, 0x0000000080a00000|  0%| F|  |TS  0|AC  0|TAMS 0x0000000080900000, 0x0000000080900000|
|  10|0x0000000080a00000, 0x0000000080a00000, 0x0000000080b00000|  0%| F|  |TS  0|AC  0|TAMS 0x0000000080a00000, 0x0000000080a00000|
|  11|0x0000000080b00000, 0x0000000080b00000, 0x0000000080c00000|  0%| F|  |TS  0|AC  0|TAMS 0x0000000080b00000, 0x0000000080b00000|
|  12|0x0000000080c00000, 0x0000000080c00000, 0x0000000080d00000|  0%| F|  |TS  0|AC  0|TAMS 0x0000000080c00000, 0x0000000080c00000|
|  13|0x0000000080d00000, 0x0000000080d00000, 0x0000000080e00000|  0%| F|  |TS  0|AC  0|TAMS 0x0000000080d00000, 0x0000000080d00000|
|  14|0x0000000080e00000, 0x0000000080e00000, 0x0000000080f00000|  0%| F|  |TS  0|AC  0|TAMS 0x0000000080e00000, 0x0000000080e00000|
|  15|0x0000000080f00000, 0x0000000080f00000, 0x0000000081000000|  0%| F|  |TS  0|AC  0|TAMS 0x0000000080f00000, 0x0000000080f00000|
|  16|0x0000000081000000, 0x0000000081000000, 0x0000000081100000|  0%| F|  |TS  0|AC  0|TAMS 0x0000000081000000, 0x0000000081000000|
|  17|0x0000000081100000, 0x0000000081100000, 0x0000000081200000|  0%| F|  |TS  0|AC  0|TAMS 0x0000000081100000, 0x0000000081100000|
|  18|0x0000000081200000, 0x0000000081200000, 0x0000000081300000|  0%| F|  |TS  0|AC  0|TAMS 0x0000000081200000, 0x0000000081200000|
|  19|0x0000000081300000, 0x0000000081300000, 0x0000000081400000|  0%| F|  |TS  0|AC  0|TAMS 0x0000000081300000, 0x0000000081300000|
|  20|0x0000000081400000, 0x0000000081400000, 0x0000000081500000|  0%| F|  |TS  0|AC  0|TAMS 0x0000000081400000, 0x0000000081400000|
|  21|0x0000000081500000, 0x0000000081500000, 0x0000000081600000|  0%| F|  |TS  0|AC  0|TAMS 0x0000000081500000, 0x0000000081500000|
|  22|0x0000000081600000, 0x0000000081600000, 0x0000000081700000|  0%| F|  |TS  0|AC  0|TAMS 0x0000000081600000, 0x0000000081600000|
|  23|0x0000000081700000, 0x0000000081700000, 0x0000000081800000|  0%| F|  |TS  0|AC  0|TAMS 0x0000000081700000, 0x0000000081700000|
|  24|0x0000000081800000, 0x0000000081800000, 0x0000000081900000|  0%| F|  |TS  0|AC  0|TAMS 0x0000000081800000, 0x0000000081800000|
|  25|0x0000000081900000, 0x0000000081900000, 0x0000000081a00000|  0%| F|  |TS  0|AC  0|TAMS 0x0000000081900000, 0x0000000081900000|
|  26|0x0000000081a00000, 0x0000000081a00000, 0x0000000081b00000|  0%| F|  |TS  0|AC  0|TAMS 0x0000000081a00000, 0x0000000081a00000|
|  27|0x0000000081b00000, 0x0000000081b00000, 0x0000000081c00000|  0%| F|  |TS  0|AC  0|TAMS 0x0000000081b00000, 0x0000000081b00000|
|  28|0x0000000081c00000, 0x0000000081c00000, 0x0000000081d00000|  0%| F|  |TS  0|AC  0|TAMS 0x0000000081c00000, 0x0000000081c00000|
|  29|0x0000000081d00000, 0x0000000081d00000, 0x0000000081e00000|  0%| F|  |TS  0|AC  0|TAMS 0x0000000081d00000, 0x0000000081d00000|
|  30|0x0000000081e00000, 0x0000000081e00000, 0x0000000081f00000|  0%| F|  |TS  0|AC  0|TAMS 0x0000000081e00000, 0x0000000081e00000|
|  31|0x0000000081f00000, 0x0000000081f00000, 0x0000000082000000|  0%| F|  |TS  0|AC  0|TAMS 0x0000000081f00000, 0x0000000081f00000|
|  32|0x0000000082000000, 0x0000000082000000, 0x0000000082100000|  0%| F|  |TS  0|AC  0|TAMS 0x0000000082000000, 0x0000000082000000|
|  33|0x0000000082100000, 0x0000000082100000, 0x0000000082200000|  0%| F|  |TS  0|AC  0|TAMS 0x0000000082100000, 0x0000000082100000|
|  34|0x0000000082200000, 0x0000000082200000, 0x0000000082300000|  0%| F|  |TS  0|AC  0|TAMS 0x0000000082200000, 0x0000000082200000|
|  35|0x0000000082300000, 0x0000000082300000, 0x0000000082400000|  0%| F|  |TS  0|AC  0|TAMS 0x0000000082300000, 0x0000000082300000|
|  36|0x0000000082400000, 0x0000000082400000, 0x0000000082500000|  0%| F|  |TS  0|AC  0|TAMS 0x0000000082400000, 0x0000000082400000|
|  37|0x0000000082500000, 0x0000000082500000, 0x0000000082600000|  0%| F|  |TS  0|AC  0|TAMS 0x0000000082500000, 0x0000000082500000|
|  38|0x0000000082600000, 0x0000000082600000, 0x0000000082700000|  0%| F|  |TS  0|AC  0|TAMS 0x0000000082600000, 0x0000000082600000|
|  39|0x0000000082700000, 0x0000000082700000, 0x0000000082800000|  0%| F|  |TS  0|AC  0|TAMS 0x0000000082700000, 0x0000000082700000|
|  40|0x0000000082800000, 0x0000000082800000, 0x0000000082900000|  0%| F|  |TS  0|AC  0|TAMS 0x0000000082800000, 0x0000000082800000|
|  41|0x0000000082900000, 0x0000000082900000, 0x0000000082a00000|  0%| F|  |TS  0|AC  0|TAMS 0x0000000082900000, 0x0000000082900000|
|  42|0x0000000082a00000, 0x0000000082a00000, 0x0000000082b00000|  0%| F|  |TS  0|AC  0|TAMS 0x0000000082a00000, 0x0000000082a00000|
|  43|0x0000000082b00000, 0x0000000082b00000, 0x0000000082c00000|  0%| F|  |TS  0|AC  0|TAMS 0x0000000082b00000, 0x0000000082b00000|
|  44|0x0000000082c00000, 0x0000000082c00000, 0x0000000082d00000|  0%| F|  |TS  0|AC  0|TAMS 0x0000000082c00000, 0x0000000082c00000|
|  45|0x0000000082d00000, 0x0000000082d00000, 0x0000000082e00000|  0%| F|  |TS  0|AC  0|TAMS 0x0000000082d00000, 0x0000000082d00000|
|  46|0x0000000082e00000, 0x0000000082e00000, 0x0000000082f00000|  0%| F|  |TS  0|AC  0|TAMS 0x0000000082e00000, 0x0000000082e00000|
|  47|0x0000000082f00000, 0x0000000082f00000, 0x0000000083000000|  0%| F|  |TS  0|AC  0|TAMS 0x0000000082f00000, 0x0000000082f00000|
|  48|0x0000000083000000, 0x0000000083000000, 0x0000000083100000|  0%| F|  |TS  0|AC  0|TAMS 0x0000000083000000, 0x0000000083000000|
|  49|0x0000000083100000, 0x0000000083100000, 0x0000000083200000|  0%| F|  |TS  0|AC  0|TAMS 0x0000000083100000, 0x0000000083100000|
|  50|0x0000000083200000, 0x0000000083200000, 0x0000000083300000|  0%| F|  |TS  0|AC  0|TAMS 0x0000000083200000, 0x0000000083200000|
|  51|0x0000000083300000, 0x0000000083300000, 0x0000000083400000|  0%| F|  |TS  0|AC  0|TAMS 0x0000000083300000, 0x0000000083300000|
|  52|0x0000000083400000, 0x0000000083400000, 0x0000000083500000|  0%| F|  |TS  0|AC  0|TAMS 0x0000000083400000, 0x0000000083400000|
|  53|0x0000000083500000, 0x0000000083500000, 0x0000000083600000|  0%| F|  |TS  0|AC  0|TAMS 0x0000000083500000, 0x0000000083500000|
|  54|0x0000000083600000, 0x0000000083600000, 0x0000000083700000|  0%| F|  |TS  0|AC  0|TAMS 0x0000000083600000, 0x0000000083600000|
|  55|0x0000000083700000, 0x0000000083700000, 0x0000000083800000|  0%| F|  |TS  0|AC  0|TAMS 0x0000000083700000, 0x0000000083700000|
|  56|0x0000000083800000, 0x0000000083800000, 0x0000000083900000|  0%| F|  |TS  0|AC  0|TAMS 0x0000000083800000, 0x0000000083800000|
|  57|0x0000000083900000, 0x0000000083900000, 0x0000000083a00000|  0%| F|  |TS  0|AC  0|TAMS 0x0000000083900000, 0x0000000083900000|
|  58|0x0000000083a00000, 0x0000000083a00000, 0x0000000083b00000|  0%| F|  |TS  0|AC  0|TAMS 0x0000000083a00000, 0x0000000083a00000|
|  59|0x0000000083b00000, 0x0000000083b00000, 0x0000000083c00000|  0%| F|  |TS  0|AC  0|TAMS 0x0000000083b00000, 0x0000000083b00000|
|  60|0x0000000083c00000, 0x0000000083c00000, 0x0000000083d00000|  0%| F|  |TS  0|AC  0|TAMS 0x0000000083c00000, 0x0000000083c00000|
|  61|0x0000000083d00000, 0x0000000083d00000, 0x0000000083e00000|  0%| F|  |TS  0|AC  0|TAMS 0x0000000083d00000, 0x0000000083d00000|
|  62|0x0000000083e00000, 0x0000000083e00000, 0x0000000083f00000|  0%| F|  |TS  0|AC  0|TAMS 0x0000000083e00000, 0x0000000083e00000|
|  63|0x0000000083f00000, 0x0000000083f00000, 0x0000000084000000|  0%| F|  |TS  0|AC  0|TAMS 0x0000000083f00000, 0x0000000083f00000|
|  64|0x0000000084000000, 0x0000000084000000, 0x0000000084100000|  0%| F|  |TS  0|AC  0|TAMS 0x0000000084000000, 0x0000000084000000|
|  65|0x0000000084100000, 0x0000000084100000, 0x0000000084200000|  0%| F|  |TS  0|AC  0|TAMS 0x0000000084100000, 0x0000000084100000|
|  66|0x0000000084200000, 0x0000000084200000, 0x0000000084300000|  0%| F|  |TS  0|AC  0|TAMS 0x0000000084200000, 0x0000000084200000|
|  67|0x0000000084300000, 0x0000000084300000, 0x0000000084400000|  0%| F|  |TS  0|AC  0|TAMS 0x0000000084300000, 0x0000000084300000|
|  68|0x0000000084400000, 0x0000000084400000, 0x0000000084500000|  0%| F|  |TS  0|AC  0|TAMS 0x0000000084400000, 0x0000000084400000|
|  69|0x0000000084500000, 0x0000000084500000, 0x0000000084600000|  0%| F|  |TS  0|AC  0|TAMS 0x0000000084500000, 0x0000000084500000|
|  70|0x0000000084600000, 0x0000000084600000, 0x0000000084700000|  0%| F|  |TS  0|AC  0|TAMS 0x0000000084600000, 0x0000000084600000|
|  71|0x0000000084700000, 0x0000000084700000, 0x0000000084800000|  0%| F|  |TS  0|AC  0|TAMS 0x0000000084700000, 0x0000000084700000|
|  72|0x0000000084800000, 0x0000000084800000, 0x0000000084900000|  0%| F|  |TS  0|AC  0|TAMS 0x0000000084800000, 0x0000000084800000|
|  73|0x0000000084900000, 0x0000000084900000, 0x0000000084a00000|  0%| F|  |TS  0|AC  0|TAMS 0x0000000084900000, 0x0000000084900000|
|  74|0x0000000084a00000, 0x0000000084a00000, 0x0000000084b00000|  0%| F|  |TS  0|AC  0|TAMS 0x0000000084a00000, 0x0000000084a00000|
|  75|0x0000000084b00000, 0x0000000084b00000, 0x0000000084c00000|  0%| F|  |TS  0|AC  0|TAMS 0x0000000084b00000, 0x0000000084b00000|
|  76|0x0000000084c00000, 0x0000000084c00000, 0x0000000084d00000|  0%| F|  |TS  0|AC  0|TAMS 0x0000000084c00000, 0x0000000084c00000|
|  77|0x0000000084d00000, 0x0000000084d00000, 0x0000000084e00000|  0%| F|  |TS  0|AC  0|TAMS 0x0000000084d00000, 0x0000000084d00000|
|  78|0x0000000084e00000, 0x0000000084e00000, 0x0000000084f00000|  0%| F|  |TS  0|AC  0|TAMS 0x0000000084e00000, 0x0000000084e00000|
|  79|0x0000000084f00000, 0x0000000084f00000, 0x0000000085000000|  0%| F|  |TS  0|AC  0|TAMS 0x0000000084f00000, 0x0000000084f00000|
|  80|0x0000000085000000, 0x0000000085000000, 0x0000000085100000|  0%| F|  |TS  0|AC  0|TAMS 0x0000000085000000, 0x0000000085000000|
|  81|0x0000000085100000, 0x0000000085100000, 0x0000000085200000|  0%| F|  |TS  0|AC  0|TAMS 0x0000000085100000, 0x0000000085100000|
|  82|0x0000000085200000, 0x0000000085200000, 0x0000000085300000|  0%| F|  |TS  0|AC  0|TAMS 0x0000000085200000, 0x0000000085200000|
|  83|0x0000000085300000, 0x0000000085300000, 0x0000000085400000|  0%| F|  |TS  0|AC  0|TAMS 0x0000000085300000, 0x0000000085300000|
|  84|0x0000000085400000, 0x0000000085400000, 0x0000000085500000|  0%| F|  |TS  0|AC  0|TAMS 0x0000000085400000, 0x0000000085400000|
|  85|0x0000000085500000, 0x0000000085500000, 0x0000000085600000|  0%| F|  |TS  0|AC  0|TAMS 0x0000000085500000, 0x0000000085500000|
|  86|0x0000000085600000, 0x0000000085600000, 0x0000000085700000|  0%| F|  |TS  0|AC  0|TAMS 0x0000000085600000, 0x0000000085600000|
|  87|0x0000000085700000, 0x0000000085700000, 0x0000000085800000|  0%| F|  |TS  0|AC  0|TAMS 0x0000000085700000, 0x0000000085700000|
|  88|0x0000000085800000, 0x0000000085800000, 0x0000000085900000|  0%| F|  |TS  0|AC  0|TAMS 0x0000000085800000, 0x0000000085800000|
|  89|0x0000000085900000, 0x0000000085900000, 0x0000000085a00000|  0%| F|  |TS  0|AC  0|TAMS 0x0000000085900000, 0x0000000085900000|
|  90|0x0000000085a00000, 0x0000000085a00000, 0x0000000085b00000|  0%| F|  |TS  0|AC  0|TAMS 0x0000000085a00000, 0x0000000085a00000|
|  91|0x0000000085b00000, 0x0000000085b00000, 0x0000000085c00000|  0%| F|  |TS  0|AC  0|TAMS 0x0000000085b00000, 0x0000000085b00000|
|  92|0x0000000085c00000, 0x0000000085c00000, 0x0000000085d00000|  0%| F|  |TS  0|AC  0|TAMS 0x0000000085c00000, 0x0000000085c00000|
|  93|0x0000000085d00000, 0x0000000085d00000, 0x0000000085e00000|  0%| F|  |TS  0|AC  0|TAMS 0x0000000085d00000, 0x0000000085d00000|
|  94|0x0000000085e00000, 0x0000000085e00000, 0x0000000085f00000|  0%| F|  |TS  0|AC  0|TAMS 0x0000000085e00000, 0x0000000085e00000|
|  95|0x0000000085f00000, 0x0000000085f00000, 0x0000000086000000|  0%| F|  |TS  0|AC  0|TAMS 0x0000000085f00000, 0x0000000085f00000|
|  96|0x0000000086000000, 0x0000000086000000, 0x0000000086100000|  0%| F|  |TS  0|AC  0|TAMS 0x0000000086000000, 0x0000000086000000|
|  97|0x0000000086100000, 0x0000000086100000, 0x0000000086200000|  0%| F|  |TS  0|AC  0|TAMS 0x0000000086100000, 0x0000000086100000|
|  98|0x0000000086200000, 0x0000000086200000, 0x0000000086300000|  0%| F|  |TS  0|AC  0|TAMS 0x0000000086200000, 0x0000000086200000|
|  99|0x0000000086300000, 0x0000000086300000, 0x0000000086400000|  0%| F|  |TS  0|AC  0|TAMS 0x0000000086300000, 0x0000000086300000|
| 100|0x0000000086400000, 0x0000000086400000, 0x0000000086500000|  0%| F|  |TS  0|AC  0|TAMS 0x0000000086400000, 0x0000000086400000|
| 101|0x0000000086500000, 0x0000000086500000, 0x0000000086600000|  0%| F|  |TS  0|AC  0|TAMS 0x0000000086500000, 0x0000000086500000|
| 102|0x0000000086600000, 0x0000000086600000, 0x0000000086700000|  0%| F|  |TS  0|AC  0|TAMS 0x0000000086600000, 0x0000000086600000|
| 103|0x0000000086700000, 0x0000000086700000, 0x0000000086800000|  0%| F|  |TS  0|AC  0|TAMS 0x0000000086700000, 0x0000000086700000|
| 104|0x0000000086800000, 0x0000000086800000, 0x0000000086900000|  0%| F|  |TS  0|AC  0|TAMS 0x0000000086800000, 0x0000000086800000|
| 105|0x0000000086900000, 0x0000000086900000, 0x0000000086a00000|  0%| F|  |TS  0|AC  0|TAMS 0x0000000086900000, 0x0000000086900000|
| 106|0x0000000086a00000, 0x0000000086a00000, 0x0000000086b00000|  0%| F|  |TS  0|AC  0|TAMS 0x0000000086a00000, 0x0000000086a00000|
| 107|0x0000000086b00000, 0x0000000086b00000, 0x0000000086c00000|  0%| F|  |TS  0|AC  0|TAMS 0x0000000086b00000, 0x0000000086b00000|
| 108|0x0000000086c00000, 0x0000000086c00000, 0x0000000086d00000|  0%| F|  |TS  0|AC  0|TAMS 0x0000000086c00000, 0x0000000086c00000|
| 109|0x0000000086d00000, 0x0000000086d00000, 0x0000000086e00000|  0%| F|  |TS  0|AC  0|TAMS 0x0000000086d00000, 0x0000000086d00000|
| 110|0x0000000086e00000, 0x0000000086e00000, 0x0000000086f00000|  0%| F|  |TS  0|AC  0|TAMS 0x0000000086e00000, 0x0000000086e00000|
| 111|0x0000000086f00000, 0x0000000086f00000, 0x0000000087000000|  0%| F|  |TS  0|AC  0|TAMS 0x0000000086f00000, 0x0000000086f00000|
| 112|0x0000000087000000, 0x0000000087000000, 0x0000000087100000|  0%| F|  |TS  0|AC  0|TAMS 0x0000000087000000, 0x0000000087000000|
| 113|0x0000000087100000, 0x0000000087100000, 0x0000000087200000|  0%| F|  |TS  0|AC  0|TAMS 0x0000000087100000, 0x0000000087100000|
| 114|0x0000000087200000, 0x0000000087200000, 0x0000000087300000|  0%| F|  |TS  0|AC  0|TAMS 0x0000000087200000, 0x0000000087200000|
| 115|0x0000000087300000, 0x0000000087300000, 0x0000000087400000|  0%| F|  |TS  0|AC  0|TAMS 0x0000000087300000, 0x0000000087300000|
| 116|0x0000000087400000, 0x0000000087400000, 0x0000000087500000|  0%| F|  |TS  0|AC  0|TAMS 0x0000000087400000, 0x0000000087400000|
| 117|0x0000000087500000, 0x0000000087500000, 0x0000000087600000|  0%| F|  |TS  0|AC  0|TAMS 0x0000000087500000, 0x0000000087500000|
| 118|0x0000000087600000, 0x0000000087600000, 0x0000000087700000|  0%| F|  |TS  0|AC  0|TAMS 0x0000000087600000, 0x0000000087600000|
| 119|0x0000000087700000, 0x0000000087700000, 0x0000000087800000|  0%| F|  |TS  0|AC  0|TAMS 0x0000000087700000, 0x0000000087700000|
| 120|0x0000000087800000, 0x0000000087800000, 0x0000000087900000|  0%| F|  |TS  0|AC  0|TAMS 0x0000000087800000, 0x0000000087800000|
| 121|0x0000000087900000, 0x0000000087900000, 0x0000000087a00000|  0%| F|  |TS  0|AC  0|TAMS 0x0000000087900000, 0x0000000087900000|
| 122|0x0000000087a00000, 0x0000000087a00000, 0x0000000087b00000|  0%| F|  |TS  0|AC  0|TAMS 0x0000000087a00000, 0x0000000087a00000|
| 123|0x0000000087b00000, 0x0000000087b00000, 0x0000000087c00000|  0%| F|  |TS  0|AC  0|TAMS 0x0000000087b00000, 0x0000000087b00000|
| 124|0x0000000087c00000, 0x0000000087c00000, 0x0000000087d00000|  0%| F|  |TS  0|AC  0|TAMS 0x0000000087c00000, 0x0000000087c00000|
| 125|0x0000000087d00000, 0x0000000087d00000, 0x0000000087e00000|  0%| F|  |TS  0|AC  0|TAMS 0x0000000087d00000, 0x0000000087d00000|
| 126|0x0000000087e00000, 0x0000000087e7b630, 0x0000000087f00000| 48%| E|  |TS  0|AC  0|TAMS 0x0000000087e00000, 0x0000000087e00000|
| 127|0x0000000087f00000, 0x0000000088000000, 0x0000000088000000|100%| E|CS|TS  0|AC  0|TAMS 0x0000000087f00000, 0x0000000087f00000|

Card table byte_map: [0x000001fbea2f0000,0x000001fbea6f0000] byte_map_base: 0x000001fbe9ef0000

Marking Bits (Prev, Next): (CMBitMap*) 0x000001fbcf8bef60, (CMBitMap*) 0x000001fbcf8bef98
 Prev Bits: [0x000001fbeaaf0000, 0x000001fbecaf0000)
 Next Bits: [0x000001fbecaf0000, 0x000001fbeeaf0000)

Polling page: 0x000001fbcb530000

CodeHeap 'non-profiled nmethods': size=120000Kb used=13Kb max_used=13Kb free=119986Kb
 bounds [0x000001fbe2680000, 0x000001fbe28f0000, 0x000001fbe9bb0000]
CodeHeap 'profiled nmethods': size=120000Kb used=82Kb max_used=82Kb free=119917Kb
 bounds [0x000001fbdb150000, 0x000001fbdb3c0000, 0x000001fbe2680000]
CodeHeap 'non-nmethods': size=5760Kb used=982Kb max_used=993Kb free=4778Kb
 bounds [0x000001fbdabb0000, 0x000001fbdae20000, 0x000001fbdb150000]
 total_blobs=343 nmethods=58 adapters=144
 compilation: enabled

Compilation events (10 events):
Event: 0.076 Thread 0x000001fbf1569000   47       3       jdk.internal.module.ModuleReferenceImpl::equals (62 bytes)
Event: 0.076 Thread 0x000001fbf1569000 nmethod 47 0x000001fbdb15eb10 code [0x000001fbdb15ed40, 0x000001fbdb15f720]
Event: 0.076 Thread 0x000001fbf1569000   50   !   3       java.util.concurrent.ConcurrentHashMap::putVal (432 bytes)
Event: 0.078 Thread 0x000001fbf1565000   58       4       java.lang.String::hashCode (49 bytes)
Event: 0.078 Thread 0x000001fbf1569000 

Event: 0.078 Thread 0x000001fbf1569000   57       3       java.util.concurrent.ConcurrentHashMap::tabAt (22 bytes)
Event: 0.078 Thread 0x000001fbf1569000 nmethod 57 0x000001fbdb15f910 code [0x000001fbdb15fae0, 0x000001fbdb15fdd8]
Event: 0.078 Thread 0x000001fbf1569000   51       3       java.util.concurrent.ConcurrentHashMap::addCount (289 bytes)
Event: 0.079 Thread 0x000001fbf1569000 nmethod 51 0x000001fbdb15fe90 code [0x000001fbdb1600e0, 0x000001fbdb160ad0]
Event: 0.079 Thread 0x000001fbf1569000   59   !   3       java.util.concurrent.ConcurrentHashMap::putVal (432 bytes)

GC Heap History (0 events):
No events

Deoptimization events (0 events):
No events

Classes redefined (0 events):
No events

Internal exceptions (0 events):
No events

Events (10 events):
Event: 0.075 loading class jdk/internal/module/ModuleLoaderMap
Event: 0.075 loading class jdk/internal/module/ModuleLoaderMap done
Event: 0.076 loading class jdk/internal/module/ModuleLoaderMap$Mapper
Event: 0.076 loading class java/util/function/Function
Event: 0.076 loading class java/util/function/Function done
Event: 0.076 loading class jdk/internal/module/ModuleLoaderMap$Mapper done
Event: 0.077 loading class java/util/concurrent/ConcurrentHashMap$ForwardingNode
Event: 0.077 loading class java/util/concurrent/ConcurrentHashMap$ForwardingNode done
Event: 0.077 Executing VM operation: Deoptimize
Event: 0.077 Executing VM operation: Deoptimize done


Dynamic libraries:
0x00007ff6b9ed0000 - 0x00007ff6b9f0e000 	C:\Program Files\Java\jdk-10.0.1\bin\java.exe
0x00007ffba2720000 - 0x00007ffba2900000 	C:\WINDOWS\SYSTEM32\ntdll.dll
0x00007ffba2310000 - 0x00007ffba23be000 	C:\WINDOWS\System32\KERNEL32.DLL
0x00007ffb9ec20000 - 0x00007ffb9ee86000 	C:\WINDOWS\System32\KERNELBASE.dll
0x00007ffba0090000 - 0x00007ffba0131000 	C:\WINDOWS\System32\ADVAPI32.dll
0x00007ffb9fe80000 - 0x00007ffb9ff1d000 	C:\WINDOWS\System32\msvcrt.dll
0x00007ffba0960000 - 0x00007ffba09bb000 	C:\WINDOWS\System32\sechost.dll
0x00007ffba0140000 - 0x00007ffba025f000 	C:\WINDOWS\System32\RPCRT4.dll
0x00007ffba2560000 - 0x00007ffba26ef000 	C:\WINDOWS\System32\USER32.dll
0x00007ffb9fb70000 - 0x00007ffb9fb90000 	C:\WINDOWS\System32\win32u.dll
0x00007ffb9fdf0000 - 0x00007ffb9fe18000 	C:\WINDOWS\System32\GDI32.dll
0x00007ffb9f660000 - 0x00007ffb9f7f3000 	C:\WINDOWS\System32\gdi32full.dll
0x00007ffb9f800000 - 0x00007ffb9f89b000 	C:\WINDOWS\System32\msvcp_win.dll
0x00007ffb9f8a0000 - 0x00007ffb9f996000 	C:\WINDOWS\System32\ucrtbase.dll
0x00007ffb95600000 - 0x00007ffb95869000 	C:\WINDOWS\WinSxS\amd64_microsoft.windows.common-controls_6595b64144ccf1df_6.0.16299.309_none_15cfd4c4935e6b11\COMCTL32.dll
0x00007ffb98e30000 - 0x00007ffb98e3a000 	C:\WINDOWS\SYSTEM32\VERSION.dll
0x00007ffba09f0000 - 0x00007ffba0cf8000 	C:\WINDOWS\System32\combase.dll
0x00007ffb9ee90000 - 0x00007ffb9ef02000 	C:\WINDOWS\System32\bcryptPrimitives.dll
0x00007ffba09c0000 - 0x00007ffba09ed000 	C:\WINDOWS\System32\IMM32.DLL
0x00007ffb791f0000 - 0x00007ffb792df000 	C:\Program Files\Java\jdk-10.0.1\bin\msvcr120.dll
0x00007ffb76d30000 - 0x00007ffb76dd6000 	C:\Program Files\Java\jdk-10.0.1\bin\msvcp120.dll
0x000000006af80000 - 0x000000006b9f0000 	C:\Program Files\Java\jdk-10.0.1\bin\server\jvm.dll
0x00007ffb9fbf0000 - 0x00007ffb9fbf8000 	C:\WINDOWS\System32\PSAPI.DLL
0x00007ffb903c0000 - 0x00007ffb903c9000 	C:\WINDOWS\SYSTEM32\WSOCK32.dll
0x00007ffb99fd0000 - 0x00007ffb99ff3000 	C:\WINDOWS\SYSTEM32\WINMM.dll
0x00007ffba2240000 - 0x00007ffba22ac000 	C:\WINDOWS\System32\WS2_32.dll
0x00007ffb99f60000 - 0x00007ffb99f8a000 	C:\WINDOWS\SYSTEM32\WINMMBASE.dll
0x00007ffb9eb20000 - 0x00007ffb9eb6a000 	C:\WINDOWS\System32\cfgmgr32.dll
0x00007ffb91cc0000 - 0x00007ffb91ccf000 	C:\Program Files\Java\jdk-10.0.1\bin\verify.dll
0x00007ffb8dc10000 - 0x00007ffb8ddd8000 	C:\WINDOWS\SYSTEM32\DBGHELP.DLL
0x00007ffb8dbd0000 - 0x00007ffb8dbf9000 	C:\WINDOWS\SYSTEM32\dbgcore.DLL
0x00007ffb8b380000 - 0x00007ffb8b3a7000 	C:\Program Files\Java\jdk-10.0.1\bin\java.dll
0x00007ffb91a70000 - 0x00007ffb91a86000 	C:\Program Files\Java\jdk-10.0.1\bin\zip.dll
0x00007ffb91c60000 - 0x00007ffb91c6a000 	C:\Program Files\Java\jdk-10.0.1\bin\jimage.dll
0x00007ffba0e00000 - 0x00007ffba2236000 	C:\WINDOWS\System32\SHELL32.dll
0x00007ffba0330000 - 0x00007ffba03d6000 	C:\WINDOWS\System32\shcore.dll
0x00007ffb9ef10000 - 0x00007ffb9f657000 	C:\WINDOWS\System32\windows.storage.dll
0x00007ffba22b0000 - 0x00007ffba2301000 	C:\WINDOWS\System32\shlwapi.dll
0x00007ffb9eac0000 - 0x00007ffb9ead1000 	C:\WINDOWS\System32\kernel.appcore.dll
0x00007ffb9ea70000 - 0x00007ffb9eabc000 	C:\WINDOWS\System32\powrprof.dll
0x00007ffb9eb00000 - 0x00007ffb9eb1b000 	C:\WINDOWS\System32\profapi.dll

dbghelp: loaded successfully - version: 4.0.5 - missing functions: none
symbol engine: initialized successfully - sym options: 0x614 - pdb path: .;C:\Program Files\Java\jdk-10.0.1\bin;C:\WINDOWS\SYSTEM32;C:\WINDOWS\WinSxS\amd64_microsoft.windows.common-controls_6595b64144ccf1df_6.0.16299.309_none_15cfd4c4935e6b11;C:\Program Files\Java\jdk-10.0.1\bin\server

VM Arguments:
jvm_args: -Xmx2048M -Dfile.encoding=UTF8 
java_command: C:\Program Files\Unity\Editor\Data\PlaybackEngines\AndroidPlayer/Tools\sdktools.jar -
java_class_path (initial): C:\Program Files\Unity\Editor\Data\PlaybackEngines\AndroidPlayer/Tools\sdktools.jar
Launcher Type: SUN_STANDARD

Logging:
Log output configuration:
#0: stdout all=warning uptime,level,tags
#1: stderr all=off uptime,level,tags

Environment Variables:
PATH=C:\Program Files (x86)\Common Files\Oracle\Java\javapath;C:\Windows\system32;C:\Windows;C:\Windows\System32\Wbem;C:\Windows\System32\WindowsPowerShell\v1.0\;C:\Program Files (x86)\Skype\Phone\;C:\Program Files (x86)\NVIDIA Corporation\PhysX\Common;C:\WINDOWS\system32;C:\WINDOWS;C:\WINDOWS\System32\Wbem;C:\WINDOWS\System32\WindowsPowerShell\v1.0\;C:\Users\Mohammad\AppData\Local\Microsoft\WindowsApps;C:\Users\Mohammad\AppData\Local\GitHubDesktop\bin
USERNAME=Mohammad
OS=Windows_NT
PROCESSOR_IDENTIFIER=AMD64 Family 21 Model 2 Stepping 0, AuthenticAMD



---------------  S Y S T E M  ---------------

OS: Windows 10 , 64 bit Build 16299 (10.0.16299.15)

CPU:total 8 (initial active 8) (8 cores per cpu, 1 threads per core) family 21 model 2 stepping 0, cmov, cx8, fxsr, mmx, sse, sse2, sse3, ssse3, sse4.1, sse4.2, popcnt, avx, aes, clmul, mmxext, 3dnowpref, lzcnt, sse4a, tsc, tscinvbit, tscinv, bmi1, fma

Memory: 4k page, physical 8285436k(5007188k free), swap 9596156k(5525180k free)

vm_info: Java HotSpot(TM) 64-Bit Server VM (10.0.1+10) for windows-amd64 JRE (10.0.1+10), built on Mar 27 2018 02:27:48 by "mach5one" with MS VC++ 12.0 (VS2013)

END.
